<?xml version="1.0" encoding="UTF-8"?>
<!-- Generated by org.testng.reporters.JUnitReportReporter -->
<testsuite hostname="LAPTOP-VTA14TED" name="login.Amazonlogin" tests="1" failures="0" timestamp="2 Jul 2019 12:13:38 GMT" time="35.472" errors="0">
  <testcase name="login" time="35.472" classname="login.Amazonlogin"/>
</testsuite> <!-- login.Amazonlogin -->
